  main.cpp
C:\Users\Usman Naeem\Desktop\Final Project-- - Copy\Final Project\util.h(295,48): warning C4305: 'initializing': truncation from 'double' to 'float'
C:\Users\Usman Naeem\Desktop\Final Project-- - Copy\Final Project\chess.h(778,27): warning C4244: 'argument': conversion from 'int' to 'float', possible loss of data
C:\Users\Usman Naeem\Desktop\Final Project-- - Copy\Final Project\chess.h(778,19): warning C4244: 'argument': conversion from 'int' to 'float', possible loss of data
C:\Users\Usman Naeem\Desktop\Final Project-- - Copy\Final Project\chess.h(779,27): warning C4244: 'argument': conversion from 'int' to 'float', possible loss of data
C:\Users\Usman Naeem\Desktop\Final Project-- - Copy\Final Project\chess.h(779,19): warning C4244: 'argument': conversion from 'int' to 'float', possible loss of data
C:\Users\Usman Naeem\Desktop\Final Project-- - Copy\Final Project\chess.h(809,24): warning C4244: 'argument': conversion from 'int' to 'float', possible loss of data
C:\Users\Usman Naeem\Desktop\Final Project-- - Copy\Final Project\chess.h(809,16): warning C4244: 'argument': conversion from 'int' to 'float', possible loss of data
C:\Users\Usman Naeem\Desktop\Final Project-- - Copy\Final Project\chess.h(1049,27): warning C4244: 'argument': conversion from 'int' to 'float', possible loss of data
C:\Users\Usman Naeem\Desktop\Final Project-- - Copy\Final Project\chess.h(1049,19): warning C4244: 'argument': conversion from 'int' to 'float', possible loss of data
C:\Users\Usman Naeem\Desktop\Final Project-- - Copy\Final Project\chess.h(1050,27): warning C4244: 'argument': conversion from 'int' to 'float', possible loss of data
C:\Users\Usman Naeem\Desktop\Final Project-- - Copy\Final Project\chess.h(1050,19): warning C4244: 'argument': conversion from 'int' to 'float', possible loss of data
C:\Users\Usman Naeem\Desktop\Final Project-- - Copy\Final Project\chess.h(1079,24): warning C4244: 'argument': conversion from 'int' to 'float', possible loss of data
C:\Users\Usman Naeem\Desktop\Final Project-- - Copy\Final Project\chess.h(1079,16): warning C4244: 'argument': conversion from 'int' to 'float', possible loss of data
C:\Users\Usman Naeem\Desktop\Final Project-- - Copy\Final Project\chess.h(1080,24): warning C4244: 'argument': conversion from 'int' to 'float', possible loss of data
C:\Users\Usman Naeem\Desktop\Final Project-- - Copy\Final Project\chess.h(1080,16): warning C4244: 'argument': conversion from 'int' to 'float', possible loss of data
C:\Users\Usman Naeem\Desktop\Final Project-- - Copy\Final Project\chess.h(1081,24): warning C4244: 'argument': conversion from 'int' to 'float', possible loss of data
C:\Users\Usman Naeem\Desktop\Final Project-- - Copy\Final Project\chess.h(1081,16): warning C4244: 'argument': conversion from 'int' to 'float', possible loss of data
C:\Users\Usman Naeem\Desktop\Final Project-- - Copy\Final Project\chess.h(1217,27): warning C4244: 'argument': conversion from 'int' to 'float', possible loss of data
C:\Users\Usman Naeem\Desktop\Final Project-- - Copy\Final Project\chess.h(1217,19): warning C4244: 'argument': conversion from 'int' to 'float', possible loss of data
C:\Users\Usman Naeem\Desktop\Final Project-- - Copy\Final Project\chess.h(1218,27): warning C4244: 'argument': conversion from 'int' to 'float', possible loss of data
C:\Users\Usman Naeem\Desktop\Final Project-- - Copy\Final Project\chess.h(1218,19): warning C4244: 'argument': conversion from 'int' to 'float', possible loss of data
C:\Users\Usman Naeem\Desktop\Final Project-- - Copy\Final Project\chess.h(1226,27): warning C4244: 'argument': conversion from 'int' to 'float', possible loss of data
C:\Users\Usman Naeem\Desktop\Final Project-- - Copy\Final Project\chess.h(1226,19): warning C4244: 'argument': conversion from 'int' to 'float', possible loss of data
C:\Users\Usman Naeem\Desktop\Final Project-- - Copy\Final Project\chess.h(1242,27): warning C4244: 'argument': conversion from 'int' to 'float', possible loss of data
C:\Users\Usman Naeem\Desktop\Final Project-- - Copy\Final Project\chess.h(1242,19): warning C4244: 'argument': conversion from 'int' to 'float', possible loss of data
C:\Users\Usman Naeem\Desktop\Final Project-- - Copy\Final Project\chess.h(1380,27): warning C4244: 'argument': conversion from 'int' to 'float', possible loss of data
C:\Users\Usman Naeem\Desktop\Final Project-- - Copy\Final Project\chess.h(1380,19): warning C4244: 'argument': conversion from 'int' to 'float', possible loss of data
C:\Users\Usman Naeem\Desktop\Final Project-- - Copy\Final Project\chess.h(1381,27): warning C4244: 'argument': conversion from 'int' to 'float', possible loss of data
C:\Users\Usman Naeem\Desktop\Final Project-- - Copy\Final Project\chess.h(1381,19): warning C4244: 'argument': conversion from 'int' to 'float', possible loss of data
C:\Users\Usman Naeem\Desktop\Final Project-- - Copy\Final Project\chess.h(1400,27): warning C4244: 'argument': conversion from 'int' to 'float', possible loss of data
C:\Users\Usman Naeem\Desktop\Final Project-- - Copy\Final Project\chess.h(1400,19): warning C4244: 'argument': conversion from 'int' to 'float', possible loss of data
C:\Users\Usman Naeem\Desktop\Final Project-- - Copy\Final Project\chess.h(1401,27): warning C4244: 'argument': conversion from 'int' to 'float', possible loss of data
C:\Users\Usman Naeem\Desktop\Final Project-- - Copy\Final Project\chess.h(1401,19): warning C4244: 'argument': conversion from 'int' to 'float', possible loss of data
C:\Users\Usman Naeem\Desktop\Final Project-- - Copy\Final Project\chess.h(1582,27): warning C4244: 'argument': conversion from 'int' to 'float', possible loss of data
C:\Users\Usman Naeem\Desktop\Final Project-- - Copy\Final Project\chess.h(1582,19): warning C4244: 'argument': conversion from 'int' to 'float', possible loss of data
C:\Users\Usman Naeem\Desktop\Final Project-- - Copy\Final Project\chess.h(1583,27): warning C4244: 'argument': conversion from 'int' to 'float', possible loss of data
C:\Users\Usman Naeem\Desktop\Final Project-- - Copy\Final Project\chess.h(1583,19): warning C4244: 'argument': conversion from 'int' to 'float', possible loss of data
C:\Users\Usman Naeem\Desktop\Final Project-- - Copy\Final Project\chess.h(1591,27): warning C4244: 'argument': conversion from 'int' to 'float', possible loss of data
C:\Users\Usman Naeem\Desktop\Final Project-- - Copy\Final Project\chess.h(1591,19): warning C4244: 'argument': conversion from 'int' to 'float', possible loss of data
C:\Users\Usman Naeem\Desktop\Final Project-- - Copy\Final Project\chess.h(1621,24): warning C4244: 'argument': conversion from 'int' to 'float', possible loss of data
C:\Users\Usman Naeem\Desktop\Final Project-- - Copy\Final Project\chess.h(1621,16): warning C4244: 'argument': conversion from 'int' to 'float', possible loss of data
C:\Users\Usman Naeem\Desktop\Final Project-- - Copy\Final Project\chess.h(1690,27): warning C4244: 'argument': conversion from 'int' to 'float', possible loss of data
C:\Users\Usman Naeem\Desktop\Final Project-- - Copy\Final Project\chess.h(1690,19): warning C4244: 'argument': conversion from 'int' to 'float', possible loss of data
C:\Users\Usman Naeem\Desktop\Final Project-- - Copy\Final Project\chess.h(1691,27): warning C4244: 'argument': conversion from 'int' to 'float', possible loss of data
C:\Users\Usman Naeem\Desktop\Final Project-- - Copy\Final Project\chess.h(1691,19): warning C4244: 'argument': conversion from 'int' to 'float', possible loss of data
C:\Users\Usman Naeem\Desktop\Final Project-- - Copy\Final Project\chess.h(1692,27): warning C4244: 'argument': conversion from 'int' to 'float', possible loss of data
C:\Users\Usman Naeem\Desktop\Final Project-- - Copy\Final Project\chess.h(1692,19): warning C4244: 'argument': conversion from 'int' to 'float', possible loss of data
C:\Users\Usman Naeem\Desktop\Final Project-- - Copy\Final Project\chess.h(1705,24): warning C4244: 'argument': conversion from 'int' to 'float', possible loss of data
C:\Users\Usman Naeem\Desktop\Final Project-- - Copy\Final Project\chess.h(1705,16): warning C4244: 'argument': conversion from 'int' to 'float', possible loss of data
C:\Users\Usman Naeem\Desktop\Final Project-- - Copy\Final Project\main.cpp(56,51): warning C4305: 'initializing': truncation from 'double' to 'float'
C:\Users\Usman Naeem\Desktop\Final Project-- - Copy\Final Project\main.cpp(57,52): warning C4305: 'initializing': truncation from 'double' to 'float'
C:\Users\Usman Naeem\Desktop\Final Project-- - Copy\Final Project\main.cpp(61,61): warning C4305: 'argument': truncation from 'double' to 'GLclampf'
C:\Users\Usman Naeem\Desktop\Final Project-- - Copy\Final Project\main.cpp(89,61): warning C4305: 'argument': truncation from 'double' to 'GLclampf'
C:\Users\Usman Naeem\Desktop\Final Project-- - Copy\Final Project\main.cpp(119,49): warning C4244: 'argument': conversion from 'int' to 'float', possible loss of data
C:\Users\Usman Naeem\Desktop\Final Project-- - Copy\Final Project\main.cpp(119,33): warning C4244: 'argument': conversion from 'int' to 'float', possible loss of data
C:\Users\Usman Naeem\Desktop\Final Project-- - Copy\Final Project\main.cpp(120,49): warning C4244: 'argument': conversion from 'int' to 'float', possible loss of data
C:\Users\Usman Naeem\Desktop\Final Project-- - Copy\Final Project\main.cpp(120,33): warning C4244: 'argument': conversion from 'int' to 'float', possible loss of data
C:\Users\Usman Naeem\Desktop\Final Project-- - Copy\Final Project\main.cpp(55,31): warning C4101: 'height': unreferenced local variable
C:\Users\Usman Naeem\Desktop\Final Project-- - Copy\Final Project\main.cpp(55,24): warning C4101: 'width': unreferenced local variable
C:\Users\Usman Naeem\Desktop\Final Project-- - Copy\Final Project\main.cpp(477,16): warning C4244: 'argument': conversion from 'double' to 'unsigned int', possible loss of data
C:\Users\Usman Naeem\Desktop\Final Project-- - Copy\Final Project\CImg.h(16232,45): warning C4319: '~': zero extending 'unsigned int' to 'double' of greater size
C:\Users\Usman Naeem\Desktop\Final Project-- - Copy\Final Project\CImg.h(14785): message : while compiling class template member function 'unsigned int cimg_library::CImg<float>::_cimg_math_parser::compile(char *,char *,const unsigned int,unsigned int *const )'
C:\Users\Usman Naeem\Desktop\Final Project-- - Copy\Final Project\CImg.h(14663): message : see reference to function template instantiation 'unsigned int cimg_library::CImg<float>::_cimg_math_parser::compile(char *,char *,const unsigned int,unsigned int *const )' being compiled
C:\Users\Usman Naeem\Desktop\Final Project-- - Copy\Final Project\CImg.h(23037): message : see reference to class template instantiation 'cimg_library::CImg<float>::_cimg_math_parser' being compiled
C:\Users\Usman Naeem\Desktop\Final Project-- - Copy\Final Project\CImg.h(23028): message : while compiling class template member function 'double cimg_library::CImg<float>::_eval(cimg_library::CImg<float> *const ,const char *const ,const double,const double,const double,const double,const cimg_library::CImgList<T> *const ,cimg_library::CImgList<T> *const ) const'
          with
          [
              T=float
          ]
C:\Users\Usman Naeem\Desktop\Final Project-- - Copy\Final Project\CImg.h(23023): message : see reference to function template instantiation 'double cimg_library::CImg<float>::_eval(cimg_library::CImg<float> *const ,const char *const ,const double,const double,const double,const double,const cimg_library::CImgList<T> *const ,cimg_library::CImgList<T> *const ) const' being compiled
          with
          [
              T=float
          ]
C:\Users\Usman Naeem\Desktop\Final Project-- - Copy\Final Project\CImg.h(34724): message : see reference to class template instantiation 'cimg_library::CImg<float>' being compiled
C:\Users\Usman Naeem\Desktop\Final Project-- - Copy\Final Project\CImg.h(19524): message : see reference to class template instantiation 'cimg_library::CImg<double>' being compiled
C:\Users\Usman Naeem\Desktop\Final Project-- - Copy\Final Project\CImg.h(52471): message : see reference to class template instantiation 'cimg_library::CImg<T>' being compiled
C:\Users\Usman Naeem\Desktop\Final Project-- - Copy\Final Project\CImg.h(19228,1): warning C4319: '~': zero extending 'unsigned int' to 'double' of greater size
C:\Users\Usman Naeem\Desktop\Final Project-- - Copy\Final Project\CImg.h(19226): message : while compiling class template member function 'double cimg_library::CImg<float>::_cimg_math_parser::mp_bitwise_not(cimg_library::CImg<float>::_cimg_math_parser &)'
C:\Users\Usman Naeem\Desktop\Final Project-- - Copy\Final Project\CImg.h(16231): message : see reference to function template instantiation 'double cimg_library::CImg<float>::_cimg_math_parser::mp_bitwise_not(cimg_library::CImg<float>::_cimg_math_parser &)' being compiled
  util.cpp
C:\Users\Usman Naeem\Desktop\Final Project-- - Copy\Final Project\util.h(295,48): warning C4305: 'initializing': truncation from 'double' to 'float'
C:\Users\Usman Naeem\Desktop\Final Project-- - Copy\Final Project\util.cpp(9,26): warning C4244: 'return': conversion from 'double' to 'float', possible loss of data
C:\Users\Usman Naeem\Desktop\Final Project-- - Copy\Final Project\util.cpp(12,15): warning C4244: 'return': conversion from 'double' to 'float', possible loss of data
C:\Users\Usman Naeem\Desktop\Final Project-- - Copy\Final Project\util.cpp(19,18): warning C4244: 'argument': conversion from 'int' to 'GLfloat', possible loss of data
C:\Users\Usman Naeem\Desktop\Final Project-- - Copy\Final Project\util.cpp(19,14): warning C4244: 'argument': conversion from 'int' to 'GLfloat', possible loss of data
C:\Users\Usman Naeem\Desktop\Final Project-- - Copy\Final Project\util.cpp(20,27): warning C4244: 'argument': conversion from 'int' to 'GLfloat', possible loss of data
C:\Users\Usman Naeem\Desktop\Final Project-- - Copy\Final Project\util.cpp(20,22): warning C4244: 'argument': conversion from 'int' to 'GLfloat', possible loss of data
C:\Users\Usman Naeem\Desktop\Final Project-- - Copy\Final Project\util.cpp(21,35): warning C4244: 'argument': conversion from 'int' to 'GLfloat', possible loss of data
C:\Users\Usman Naeem\Desktop\Final Project-- - Copy\Final Project\util.cpp(21,22): warning C4244: 'argument': conversion from 'int' to 'GLfloat', possible loss of data
C:\Users\Usman Naeem\Desktop\Final Project-- - Copy\Final Project\util.cpp(22,18): warning C4244: 'argument': conversion from 'int' to 'GLfloat', possible loss of data
C:\Users\Usman Naeem\Desktop\Final Project-- - Copy\Final Project\util.cpp(22,14): warning C4244: 'argument': conversion from 'int' to 'GLfloat', possible loss of data
C:\Users\Usman Naeem\Desktop\Final Project-- - Copy\Final Project\util.cpp(23,35): warning C4244: 'argument': conversion from 'int' to 'GLfloat', possible loss of data
C:\Users\Usman Naeem\Desktop\Final Project-- - Copy\Final Project\util.cpp(23,22): warning C4244: 'argument': conversion from 'int' to 'GLfloat', possible loss of data
C:\Users\Usman Naeem\Desktop\Final Project-- - Copy\Final Project\util.cpp(24,26): warning C4244: 'argument': conversion from 'int' to 'GLfloat', possible loss of data
C:\Users\Usman Naeem\Desktop\Final Project-- - Copy\Final Project\util.cpp(24,14): warning C4244: 'argument': conversion from 'int' to 'GLfloat', possible loss of data
C:\Users\Usman Naeem\Desktop\Final Project-- - Copy\Final Project\util.cpp(61,30): warning C4305: 'initializing': truncation from 'double' to 'float'
C:\Users\Usman Naeem\Desktop\Final Project-- - Copy\Final Project\util.cpp(109,14): warning C4244: 'argument': conversion from 'int' to 'GLfloat', possible loss of data
C:\Users\Usman Naeem\Desktop\Final Project-- - Copy\Final Project\util.cpp(113,17): warning C4244: 'argument': conversion from 'int' to 'GLfloat', possible loss of data
C:\Users\Usman Naeem\Desktop\Final Project-- - Copy\Final Project\util.cpp(113,13): warning C4244: 'argument': conversion from 'int' to 'GLfloat', possible loss of data
C:\Users\Usman Naeem\Desktop\Final Project-- - Copy\Final Project\util.cpp(114,17): warning C4244: 'argument': conversion from 'int' to 'GLfloat', possible loss of data
C:\Users\Usman Naeem\Desktop\Final Project-- - Copy\Final Project\util.cpp(114,13): warning C4244: 'argument': conversion from 'int' to 'GLfloat', possible loss of data
C:\Users\Usman Naeem\Desktop\Final Project-- - Copy\Final Project\util.cpp(167,17): warning C4305: '*=': truncation from 'double' to 'float'
C:\Users\Usman Naeem\Desktop\Final Project-- - Copy\Final Project\util.cpp(172,57): warning C4305: 'initializing': truncation from 'double' to 'float'
C:\Users\Usman Naeem\Desktop\Final Project-- - Copy\Final Project\util.cpp(261,13): warning C4244: 'initializing': conversion from 'double' to 'float', possible loss of data
C:\Users\Usman Naeem\Desktop\Final Project-- - Copy\Final Project\util.cpp(273,3): warning C4838: conversion from 'int' to 'float' requires a narrowing conversion
C:\Users\Usman Naeem\Desktop\Final Project-- - Copy\Final Project\util.cpp(273,3): warning C4244: 'initializing': conversion from 'int' to 'float', possible loss of data
C:\Users\Usman Naeem\Desktop\Final Project-- - Copy\Final Project\util.cpp(273,24): warning C4838: conversion from 'int' to 'float' requires a narrowing conversion
C:\Users\Usman Naeem\Desktop\Final Project-- - Copy\Final Project\util.cpp(273,24): warning C4244: 'initializing': conversion from 'int' to 'float', possible loss of data
C:\Users\Usman Naeem\Desktop\Final Project-- - Copy\Final Project\util.cpp(322,42): warning C4244: 'argument': conversion from 'float' to 'GLint', possible loss of data
C:\Users\Usman Naeem\Desktop\Final Project-- - Copy\Final Project\util.cpp(322,27): warning C4244: 'argument': conversion from 'float' to 'GLint', possible loss of data
C:\Users\Usman Naeem\Desktop\Final Project-- - Copy\Final Project\util.cpp(326,44): warning C4244: 'argument': conversion from 'float' to 'GLint', possible loss of data
C:\Users\Usman Naeem\Desktop\Final Project-- - Copy\Final Project\util.cpp(326,28): warning C4244: 'argument': conversion from 'float' to 'GLint', possible loss of data
C:\Users\Usman Naeem\Desktop\Final Project-- - Copy\Final Project\util.cpp(334,42): warning C4244: 'argument': conversion from 'float' to 'GLint', possible loss of data
C:\Users\Usman Naeem\Desktop\Final Project-- - Copy\Final Project\util.cpp(334,26): warning C4244: 'argument': conversion from 'float' to 'GLint', possible loss of data
C:\Users\Usman Naeem\Desktop\Final Project-- - Copy\Final Project\util.cpp(337,42): warning C4244: 'argument': conversion from 'float' to 'GLint', possible loss of data
C:\Users\Usman Naeem\Desktop\Final Project-- - Copy\Final Project\util.cpp(337,26): warning C4244: 'argument': conversion from 'float' to 'GLint', possible loss of data
C:\Users\Usman Naeem\Desktop\Final Project-- - Copy\Final Project\util.cpp(343,43): warning C4244: 'argument': conversion from 'float' to 'GLint', possible loss of data
C:\Users\Usman Naeem\Desktop\Final Project-- - Copy\Final Project\util.cpp(343,27): warning C4244: 'argument': conversion from 'float' to 'GLint', possible loss of data
C:\Users\Usman Naeem\Desktop\Final Project-- - Copy\Final Project\util.cpp(347,41): warning C4244: 'argument': conversion from 'float' to 'GLint', possible loss of data
C:\Users\Usman Naeem\Desktop\Final Project-- - Copy\Final Project\util.cpp(347,26): warning C4244: 'argument': conversion from 'float' to 'GLint', possible loss of data
C:\Users\Usman Naeem\Desktop\Final Project-- - Copy\Final Project\util.cpp(351,49): warning C4244: 'argument': conversion from 'float' to 'GLint', possible loss of data
C:\Users\Usman Naeem\Desktop\Final Project-- - Copy\Final Project\util.cpp(351,30): warning C4244: 'argument': conversion from 'float' to 'GLint', possible loss of data
C:\Users\Usman Naeem\Desktop\Final Project-- - Copy\Final Project\util.cpp(355,47): warning C4244: 'argument': conversion from 'float' to 'GLint', possible loss of data
C:\Users\Usman Naeem\Desktop\Final Project-- - Copy\Final Project\util.cpp(355,29): warning C4244: 'argument': conversion from 'float' to 'GLint', possible loss of data
C:\Users\Usman Naeem\Desktop\Final Project-- - Copy\Final Project\util.cpp(363,49): warning C4244: 'argument': conversion from 'float' to 'GLint', possible loss of data
C:\Users\Usman Naeem\Desktop\Final Project-- - Copy\Final Project\util.cpp(363,30): warning C4244: 'argument': conversion from 'float' to 'GLint', possible loss of data
C:\Users\Usman Naeem\Desktop\Final Project-- - Copy\Final Project\util.cpp(367,47): warning C4244: 'argument': conversion from 'float' to 'GLint', possible loss of data
C:\Users\Usman Naeem\Desktop\Final Project-- - Copy\Final Project\util.cpp(367,29): warning C4244: 'argument': conversion from 'float' to 'GLint', possible loss of data
C:\Users\Usman Naeem\Desktop\Final Project-- - Copy\Final Project\util.cpp(383,41): warning C4244: 'argument': conversion from 'float' to 'GLint', possible loss of data
C:\Users\Usman Naeem\Desktop\Final Project-- - Copy\Final Project\util.cpp(383,26): warning C4244: 'argument': conversion from 'float' to 'GLint', possible loss of data
C:\Users\Usman Naeem\Desktop\Final Project-- - Copy\Final Project\util.cpp(390,47): warning C4244: 'argument': conversion from 'float' to 'GLint', possible loss of data
C:\Users\Usman Naeem\Desktop\Final Project-- - Copy\Final Project\util.cpp(390,29): warning C4244: 'argument': conversion from 'float' to 'GLint', possible loss of data
C:\Users\Usman Naeem\Desktop\Final Project-- - Copy\Final Project\util.cpp(397,49): warning C4244: 'argument': conversion from 'float' to 'GLint', possible loss of data
C:\Users\Usman Naeem\Desktop\Final Project-- - Copy\Final Project\util.cpp(397,30): warning C4244: 'argument': conversion from 'float' to 'GLint', possible loss of data
C:\Users\Usman Naeem\Desktop\Final Project-- - Copy\Final Project\util.cpp(404,43): warning C4244: 'argument': conversion from 'float' to 'GLint', possible loss of data
C:\Users\Usman Naeem\Desktop\Final Project-- - Copy\Final Project\util.cpp(404,27): warning C4244: 'argument': conversion from 'float' to 'GLint', possible loss of data
C:\Users\Usman Naeem\Desktop\Final Project-- - Copy\Final Project\util.cpp(411,33): warning C4244: 'argument': conversion from 'float' to 'GLint', possible loss of data
C:\Users\Usman Naeem\Desktop\Final Project-- - Copy\Final Project\util.cpp(410,43): warning C4244: 'argument': conversion from 'float' to 'GLint', possible loss of data
C:\Users\Usman Naeem\Desktop\Final Project-- - Copy\Final Project\util.cpp(423,42): warning C4244: 'argument': conversion from 'float' to 'GLint', possible loss of data
C:\Users\Usman Naeem\Desktop\Final Project-- - Copy\Final Project\util.cpp(423,26): warning C4244: 'argument': conversion from 'float' to 'GLint', possible loss of data
C:\Users\Usman Naeem\Desktop\Final Project-- - Copy\Final Project\util.cpp(425,40): warning C4244: 'argument': conversion from 'float' to 'GLint', possible loss of data
C:\Users\Usman Naeem\Desktop\Final Project-- - Copy\Final Project\util.cpp(425,25): warning C4244: 'argument': conversion from 'float' to 'GLint', possible loss of data
C:\Users\Usman Naeem\Desktop\Final Project-- - Copy\Final Project\util.cpp(428,46): warning C4244: 'argument': conversion from 'float' to 'GLint', possible loss of data
C:\Users\Usman Naeem\Desktop\Final Project-- - Copy\Final Project\util.cpp(428,28): warning C4244: 'argument': conversion from 'float' to 'GLint', possible loss of data
C:\Users\Usman Naeem\Desktop\Final Project-- - Copy\Final Project\util.cpp(430,48): warning C4244: 'argument': conversion from 'float' to 'GLint', possible loss of data
C:\Users\Usman Naeem\Desktop\Final Project-- - Copy\Final Project\util.cpp(430,29): warning C4244: 'argument': conversion from 'float' to 'GLint', possible loss of data
C:\Users\Usman Naeem\Desktop\Final Project-- - Copy\Final Project\util.cpp(443,17): warning C4244: 'argument': conversion from 'int' to 'GLfloat', possible loss of data
C:\Users\Usman Naeem\Desktop\Final Project-- - Copy\Final Project\util.cpp(443,13): warning C4244: 'argument': conversion from 'int' to 'GLfloat', possible loss of data
C:\Users\Usman Naeem\Desktop\Final Project-- - Copy\Final Project\util.cpp(444,26): warning C4244: 'argument': conversion from 'int' to 'GLfloat', possible loss of data
C:\Users\Usman Naeem\Desktop\Final Project-- - Copy\Final Project\util.cpp(444,21): warning C4244: 'argument': conversion from 'int' to 'GLfloat', possible loss of data
C:\Users\Usman Naeem\Desktop\Final Project-- - Copy\Final Project\util.cpp(445,34): warning C4244: 'argument': conversion from 'int' to 'GLfloat', possible loss of data
C:\Users\Usman Naeem\Desktop\Final Project-- - Copy\Final Project\util.cpp(445,21): warning C4244: 'argument': conversion from 'int' to 'GLfloat', possible loss of data
C:\Users\Usman Naeem\Desktop\Final Project-- - Copy\Final Project\util.cpp(446,17): warning C4244: 'argument': conversion from 'int' to 'GLfloat', possible loss of data
C:\Users\Usman Naeem\Desktop\Final Project-- - Copy\Final Project\util.cpp(446,13): warning C4244: 'argument': conversion from 'int' to 'GLfloat', possible loss of data
C:\Users\Usman Naeem\Desktop\Final Project-- - Copy\Final Project\util.cpp(447,34): warning C4244: 'argument': conversion from 'int' to 'GLfloat', possible loss of data
C:\Users\Usman Naeem\Desktop\Final Project-- - Copy\Final Project\util.cpp(447,21): warning C4244: 'argument': conversion from 'int' to 'GLfloat', possible loss of data
C:\Users\Usman Naeem\Desktop\Final Project-- - Copy\Final Project\util.cpp(448,25): warning C4244: 'argument': conversion from 'int' to 'GLfloat', possible loss of data
C:\Users\Usman Naeem\Desktop\Final Project-- - Copy\Final Project\util.cpp(448,13): warning C4244: 'argument': conversion from 'int' to 'GLfloat', possible loss of data
C:\Users\Usman Naeem\Desktop\Final Project-- - Copy\Final Project\CImg.h(16232,45): warning C4319: '~': zero extending 'unsigned int' to 'double' of greater size
C:\Users\Usman Naeem\Desktop\Final Project-- - Copy\Final Project\CImg.h(14785): message : while compiling class template member function 'unsigned int cimg_library::CImg<float>::_cimg_math_parser::compile(char *,char *,const unsigned int,unsigned int *const )'
C:\Users\Usman Naeem\Desktop\Final Project-- - Copy\Final Project\CImg.h(14663): message : see reference to function template instantiation 'unsigned int cimg_library::CImg<float>::_cimg_math_parser::compile(char *,char *,const unsigned int,unsigned int *const )' being compiled
C:\Users\Usman Naeem\Desktop\Final Project-- - Copy\Final Project\CImg.h(23037): message : see reference to class template instantiation 'cimg_library::CImg<float>::_cimg_math_parser' being compiled
C:\Users\Usman Naeem\Desktop\Final Project-- - Copy\Final Project\CImg.h(23028): message : while compiling class template member function 'double cimg_library::CImg<float>::_eval(cimg_library::CImg<float> *const ,const char *const ,const double,const double,const double,const double,const cimg_library::CImgList<T> *const ,cimg_library::CImgList<T> *const ) const'
          with
          [
              T=float
          ]
C:\Users\Usman Naeem\Desktop\Final Project-- - Copy\Final Project\CImg.h(23023): message : see reference to function template instantiation 'double cimg_library::CImg<float>::_eval(cimg_library::CImg<float> *const ,const char *const ,const double,const double,const double,const double,const cimg_library::CImgList<T> *const ,cimg_library::CImgList<T> *const ) const' being compiled
          with
          [
              T=float
          ]
C:\Users\Usman Naeem\Desktop\Final Project-- - Copy\Final Project\CImg.h(34724): message : see reference to class template instantiation 'cimg_library::CImg<float>' being compiled
C:\Users\Usman Naeem\Desktop\Final Project-- - Copy\Final Project\CImg.h(19524): message : see reference to class template instantiation 'cimg_library::CImg<double>' being compiled
C:\Users\Usman Naeem\Desktop\Final Project-- - Copy\Final Project\CImg.h(52471): message : see reference to class template instantiation 'cimg_library::CImg<T>' being compiled
C:\Users\Usman Naeem\Desktop\Final Project-- - Copy\Final Project\CImg.h(19228,1): warning C4319: '~': zero extending 'unsigned int' to 'double' of greater size
C:\Users\Usman Naeem\Desktop\Final Project-- - Copy\Final Project\CImg.h(19226): message : while compiling class template member function 'double cimg_library::CImg<float>::_cimg_math_parser::mp_bitwise_not(cimg_library::CImg<float>::_cimg_math_parser &)'
C:\Users\Usman Naeem\Desktop\Final Project-- - Copy\Final Project\CImg.h(16231): message : see reference to function template instantiation 'double cimg_library::CImg<float>::_cimg_math_parser::mp_bitwise_not(cimg_library::CImg<float>::_cimg_math_parser &)' being compiled
  Generating code
C:\Users\Usman Naeem\Desktop\Final Project-- - Copy\Final Project\chess.h(639): warning C4715: 'causeCheck': not all control paths return a value
  227 of 234 functions (97.0%) were compiled, the rest were copied from previous compilation.
    7 functions were new in current compilation
    1 functions had inline decision re-evaluated but remain unchanged
  Finished generating code
  Final Project.vcxproj -> C:\Users\Usman Naeem\Desktop\Final Project-- - Copy\x64\Release\Final Project.exe
          1 file(s) copied.
